<?xml version="1.0" encoding="UTF-8"?>
<!-- Generated by org.testng.reporters.JUnitReportReporter -->
<testsuite hostname="DESKTOP-732BA1M" failures="0" tests="1" name="Tests.BookingPageTest" time="3.495" errors="0" timestamp="2025-02-27T17:27:51 IST" skipped="0">
  <testcase classname="Tests.BookingPageTest" name="testBookingPage" time="3.495"/>
</testsuite> <!-- Tests.BookingPageTest -->
