<?xml version="1.0" encoding="UTF-8"?>
<!-- Generated by org.testng.reporters.JUnitReportReporter -->
<testsuite hostname="DESKTOP-K9LPHN3" failures="0" tests="8" name="Tests.Collectlogintest" time="13.254" errors="0" timestamp="2025-02-07T12:05:37 IST" skipped="0">
  <testcase classname="Tests.Collectlogintest" name="VerifyCollectLoginPage" time="4.517"/>
  <testcase classname="Tests.Collectlogintest" name="VerifyDashboardlanding" time="3.062"/>
  <testcase classname="Tests.Collectlogintest" name="verifyproductionclick" time="1.692"/>
  <testcase classname="Tests.Collectlogintest" name="VerifyDebtorlandingpage" time="0.081"/>
  <testcase classname="Tests.Collectlogintest" name="SelectStateFromropdown" time="3.407"/>
  <testcase classname="Tests.Collectlogintest" name="ValidateLocationAccounts" time="0.102"/>
  <testcase classname="Tests.Collectlogintest" name="selectTimezone" time="0.307"/>
  <testcase classname="Tests.Collectlogintest" name="ValidateTimezoneAccounts" time="0.086"/>
</testsuite> <!-- Tests.Collectlogintest -->
