<?xml version="1.0" encoding="UTF-8"?>
<!-- Generated by org.testng.reporters.JUnitReportReporter -->
<testsuite hostname="DESKTOP-K9LPHN3" failures="0" tests="6" name="Tests.CollectlogicTest" time="17.650" errors="0" timestamp="2025-02-26T12:28:49 IST" skipped="0">
  <testcase classname="Tests.CollectlogicTest" name="VerifyCollectLoginPage" time="0.750"/>
  <testcase classname="Tests.CollectlogicTest" name="VerifyDashboardlanding" time="3.508"/>
  <testcase classname="Tests.CollectlogicTest" name="verifyproductionclick" time="2.072"/>
  <testcase classname="Tests.CollectlogicTest" name="VerifyDebtorlandingpage" time="0.086"/>
  <testcase classname="Tests.CollectlogicTest" name="ValidateLocationAccounts" time="7.177"/>
  <testcase classname="Tests.CollectlogicTest" name="ValidateTimezoneAccounts" time="4.057"/>
</testsuite> <!-- Tests.CollectlogicTest -->
