<?xml version="1.0" encoding="UTF-8"?>
<!-- Generated by org.testng.reporters.JUnitReportReporter -->
<testsuite hostname="DESKTOP-732BA1M" failures="0" tests="1" name="Tests.LoginTest" time="4.202" errors="0" timestamp="2025-02-27T17:27:51 IST" skipped="0">
  <testcase classname="Tests.LoginTest" name="testValidLogin" time="4.202"/>
</testsuite> <!-- Tests.LoginTest -->
