<?xml version="1.0" encoding="UTF-8"?>
<!-- Generated by org.testng.reporters.JUnitReportReporter -->
<testsuite hostname="DESKTOP-732BA1M" failures="0" tests="1" name="Tests.SearchHotelTest" time="2.434" errors="0" timestamp="2025-02-28T00:19:02 IST" skipped="0">
  <testcase classname="Tests.SearchHotelTest" name="testSearchHotel" time="2.434"/>
</testsuite> <!-- Tests.SearchHotelTest -->
