<?xml version="1.0" encoding="UTF-8"?>
<!-- Generated by org.testng.reporters.JUnitReportReporter -->
<testsuite hostname="DESKTOP-732BA1M" failures="0" tests="1" name="Tests.LoginTest" time="3.973" errors="0" timestamp="2025-02-28T00:19:02 IST" skipped="0">
  <testcase classname="Tests.LoginTest" name="testValidLogin" time="3.973"/>
</testsuite> <!-- Tests.LoginTest -->
